<?xml version="1.0" encoding="UTF-8" ?>
<testsuite failures="0" time="0" errors="7" skipped="0" tests="7" name="com.nwm.coauthor.service.endpoint.CommentTest">
  <properties>
    <property name="java.vendor" value="Oracle Corporation"/>
    <property name="sun.java.launcher" value="SUN_STANDARD"/>
    <property name="catalina.base" value="C:\Users\jzhuang\git\Personal\CoAuthor\nwm-coauthor-webapp\target\tomcat"/>
    <property name="sun.management.compiler" value="HotSpot 64-Bit Tiered Compilers"/>
    <property name="catalina.useNaming" value="true"/>
    <property name="os.name" value="Windows 7"/>
    <property name="sun.boot.class.path" value="c:\Program Files\Java\jdk1.7.0_03\jre\lib\resources.jar;c:\Program Files\Java\jdk1.7.0_03\jre\lib\rt.jar;c:\Program Files\Java\jdk1.7.0_03\jre\lib\sunrsasign.jar;c:\Program Files\Java\jdk1.7.0_03\jre\lib\jsse.jar;c:\Program Files\Java\jdk1.7.0_03\jre\lib\jce.jar;c:\Program Files\Java\jdk1.7.0_03\jre\lib\charsets.jar;c:\Program Files\Java\jdk1.7.0_03\jre\classes"/>
    <property name="java.util.logging.config.file" value="C:\Users\jzhuang\git\Personal\CoAuthor\nwm-coauthor-webapp\target\tomcat\conf\logging.properties"/>
    <property name="sun.desktop" value="windows"/>
    <property name="java.vm.specification.vendor" value="Oracle Corporation"/>
    <property name="java.runtime.version" value="1.7.0_03-b05"/>
    <property name="user.name" value="jzhuang"/>
    <property name="shared.loader" value=""/>
    <property name="guice.disable.misplaced.annotation.check" value="true"/>
    <property name="tomcat.util.buf.StringCache.byte.enabled" value="true"/>
    <property name="user.language" value="en"/>
    <property name="java.naming.factory.initial" value="org.apache.naming.java.javaURLContextFactory"/>
    <property name="sun.boot.library.path" value="c:\Program Files\Java\jdk1.7.0_03\jre\bin"/>
    <property name="classworlds.conf" value="c:/apache-maven-3.0.4/bin/m2.conf"/>
    <property name="java.version" value="1.7.0_03"/>
    <property name="java.util.logging.manager" value="org.apache.juli.ClassLoaderLogManager"/>
    <property name="user.timezone" value="America/Los_Angeles"/>
    <property name="sun.arch.data.model" value="64"/>
    <property name="java.endorsed.dirs" value="c:\Program Files\Java\jdk1.7.0_03\jre\lib\endorsed"/>
    <property name="sun.cpu.isalist" value="amd64"/>
    <property name="sun.jnu.encoding" value="Cp1252"/>
    <property name="file.encoding.pkg" value="sun.io"/>
    <property name="package.access" value="sun.,org.apache.catalina.,org.apache.coyote.,org.apache.tomcat.,org.apache.jasper."/>
    <property name="file.separator" value="\"/>
    <property name="java.specification.name" value="Java Platform API Specification"/>
    <property name="java.class.version" value="51.0"/>
    <property name="user.country" value="US"/>
    <property name="java.home" value="c:\Program Files\Java\jdk1.7.0_03\jre"/>
    <property name="java.vm.info" value="mixed mode"/>
    <property name="os.version" value="6.1"/>
    <property name="path.separator" value=";"/>
    <property name="java.vm.version" value="22.1-b02"/>
    <property name="user.variant" value=""/>
    <property name="java.awt.printerjob" value="sun.awt.windows.WPrinterJob"/>
    <property name="sun.io.unicode.encoding" value="UnicodeLittle"/>
    <property name="tomcat.util.scan.DefaultJarScanner.jarsToSkip" value="bootstrap.jar,commons-daemon.jar,tomcat-juli.jar,annotations-api.jar,el-api.jar,jsp-api.jar,servlet-api.jar,catalina.jar,catalina-ant.jar,catalina-ha.jar,catalina-tribes.jar,jasper.jar,jasper-el.jar,ecj-*.jar,tomcat-api.jar,tomcat-util.jar,tomcat-coyote.jar,tomcat-dbcp.jar,tomcat-jni.jar,tomcat-spdy.jar,tomcat-i18n-en.jar,tomcat-i18n-es.jar,tomcat-i18n-fr.jar,tomcat-i18n-ja.jar,tomcat-juli-adapters.jar,catalina-jmx-remote.jar,catalina-ws.jar,tomcat-jdbc.jar,commons-beanutils*.jar,commons-codec*.jar,commons-collections*.jar,commons-dbcp*.jar,commons-digester*.jar,commons-fileupload*.jar,commons-httpclient*.jar,commons-io*.jar,commons-lang*.jar,commons-logging*.jar,commons-math*.jar,commons-pool*.jar,jstl.jar,geronimo-spec-jaxrpc*.jar,wsdl4j*.jar,ant.jar,ant-junit*.jar,aspectj*.jar,jmx.jar,h2*.jar,hibernate*.jar,httpclient*.jar,jmx-tools.jar,jta*.jar,log4j*.jar,mail*.jar,slf4j*.jar,xercesImpl.jar,xmlParserAPIs.jar,xml-apis.jar,access-bridge.jar,access-bridge-64.jar,dnsns.jar,jaccess.jar,ldapsec.jar,localedata.jar,sunjce_provider.jar,sunmscapi.jar,sunpkcs11.jar,jhall.jar,tools.jar,sunec.jar,zipfs.jar,gnome-java-bridge.jar,pulse-java.jar,apple_provider.jar,AppleScriptEngine.jar,CoreAudio.jar,dns_sd.jar,j3daudio.jar,j3dcore.jar,j3dutils.jar,jai_core.jar,jai_codec.jar,mlibwrapper_jai.jar,MRJToolkit.jar,vecmath.jar,junit.jar,junit-*.jar,ant-launcher.jar"/>
    <property name="awt.toolkit" value="sun.awt.windows.WToolkit"/>
    <property name="package.definition" value="sun.,java.,org.apache.catalina.,org.apache.coyote.,org.apache.tomcat.,org.apache.jasper."/>
    <property name="user.script" value=""/>
    <property name="java.naming.factory.url.pkgs" value="org.apache.naming"/>
    <property name="user.home" value="C:\Users\jzhuang"/>
    <property name="org.apache.catalina.startup.ContextConfig.jarsToSkip" value=""/>
    <property name="java.specification.vendor" value="Oracle Corporation"/>
    <property name="java.library.path" value="c:\Program Files\Java\jdk1.7.0_03\bin;C:\Windows\Sun\Java\bin;C:\Windows\system32;C:\Windows;c:\Users\jzhuang\.jenkins\.ssh\bin;.;C:\Program Files (x86)\Git\local\bin;C:\Program Files (x86)\Git\mingw\bin;C:\Program Files (x86)\Git\bin;c:\Windows\system32;c:\Windows;c:\Windows\System32\Wbem;c:\Windows\System32\WindowsPowerShell\v1.0\;c:\curl;c:\apache-maven-3.0.4\bin;c:\Program Files\Microsoft SQL Server\110\Tools\Binn\;c:\Program Files (x86)\Microsoft SQL Server\110\Tools\Binn\ManagementStudio\;c:\Program Files (x86)\Microsoft SQL Server\110\Tools\Binn\;c:\Program Files (x86)\Microsoft SQL Server\110\DTS\Binn\;c:\Users\jzhuang\Desktop\apache-ant-1.8.4\bin;c:\Program Files (x86)\Microsoft SQL Server\90\Tools\binn\;c:\Program Files (x86)\Zend\ZendServer\bin;c:\Program Files (x86)\Zend\ZendServer\share\ZendFramework\bin;c:\Program Files\Java\jdk1.7.0_03\bin;c:\Program Files (x86)\Groovy\Groovy-2.0.5\bin;C:\Program Files (x86)\Git\bin;c:\mongodb-win32-x86_64-2.2.2\bin;c:\Program Files\Perforce;."/>
    <property name="java.vendor.url" value="http://java.oracle.com/"/>
    <property name="org.apache.catalina.startup.TldConfig.jarsToSkip" value=""/>
    <property name="java.vm.vendor" value="Oracle Corporation"/>
    <property name="common.loader" value="${catalina.base}/lib,${catalina.base}/lib/*.jar,${catalina.home}/lib,${catalina.home}/lib/*.jar"/>
    <property name="maven.home" value="c:\apache-maven-3.0.4"/>
    <property name="java.runtime.name" value="Java(TM) SE Runtime Environment"/>
    <property name="sun.java.command" value="org.codehaus.plexus.classworlds.launcher.Launcher clean test tomcat7:run"/>
    <property name="java.class.path" value="c:/apache-maven-3.0.4/boot/plexus-classworlds-2.4.jar"/>
    <property name="java.vm.specification.name" value="Java Virtual Machine Specification"/>
    <property name="java.vm.specification.version" value="1.7"/>
    <property name="catalina.home" value="C:\Users\jzhuang\git\Personal\CoAuthor\nwm-coauthor-webapp\target\tomcat"/>
    <property name="sun.cpu.endian" value="little"/>
    <property name="sun.os.patch.level" value="Service Pack 1"/>
    <property name="java.io.tmpdir" value="C:\Users\jzhuang\AppData\Local\Temp\"/>
    <property name="java.vendor.url.bug" value="http://bugreport.sun.com/bugreport/"/>
    <property name="server.loader" value=""/>
    <property name="os.arch" value="amd64"/>
    <property name="java.awt.graphicsenv" value="sun.awt.Win32GraphicsEnvironment"/>
    <property name="java.ext.dirs" value="c:\Program Files\Java\jdk1.7.0_03\jre\lib\ext;C:\Windows\Sun\Java\lib\ext"/>
    <property name="user.dir" value="c:\Users\jzhuang\git\Personal\CoAuthor"/>
    <property name="line.separator" value="
"/>
    <property name="java.vm.name" value="Java HotSpot(TM) 64-Bit Server VM"/>
    <property name="file.encoding" value="UTF8"/>
    <property name="tomcat.maven.http.port" value="8081"/>
    <property name="java.specification.version" value="1.7"/>
  </properties>
  <testcase time="0" classname="com.nwm.coauthor.service.endpoint.CommentTest" name="nonExistantStory">
    <error message="Could not initialize class com.nwm.coauthor.service.client.StoryClient" type="java.lang.NoClassDefFoundError">java.lang.NoClassDefFoundError: Could not initialize class com.nwm.coauthor.service.client.StoryClient
	at com.nwm.coauthor.service.endpoint.BaseTest.&lt;init&gt;(BaseTest.java:7)
	at com.nwm.coauthor.service.endpoint.CommentTest.&lt;init&gt;(CommentTest.java:10)
</error>
  </testcase>
  <testcase time="0" classname="com.nwm.coauthor.service.endpoint.CommentTest" name="lessThanMinCharactersComment">
    <error message="Could not initialize class com.nwm.coauthor.service.client.StoryClient" type="java.lang.NoClassDefFoundError">java.lang.NoClassDefFoundError: Could not initialize class com.nwm.coauthor.service.client.StoryClient
	at com.nwm.coauthor.service.endpoint.BaseTest.&lt;init&gt;(BaseTest.java:7)
	at com.nwm.coauthor.service.endpoint.CommentTest.&lt;init&gt;(CommentTest.java:10)
</error>
  </testcase>
  <testcase time="0" classname="com.nwm.coauthor.service.endpoint.CommentTest" name="memberOrLeader">
    <error message="Could not initialize class com.nwm.coauthor.service.client.StoryClient" type="java.lang.NoClassDefFoundError">java.lang.NoClassDefFoundError: Could not initialize class com.nwm.coauthor.service.client.StoryClient
	at com.nwm.coauthor.service.endpoint.BaseTest.&lt;init&gt;(BaseTest.java:7)
	at com.nwm.coauthor.service.endpoint.CommentTest.&lt;init&gt;(CommentTest.java:10)
</error>
  </testcase>
  <testcase time="0" classname="com.nwm.coauthor.service.endpoint.CommentTest" name="comment">
    <error message="Could not initialize class com.nwm.coauthor.service.client.StoryClient" type="java.lang.NoClassDefFoundError">java.lang.NoClassDefFoundError: Could not initialize class com.nwm.coauthor.service.client.StoryClient
	at com.nwm.coauthor.service.endpoint.BaseTest.&lt;init&gt;(BaseTest.java:7)
	at com.nwm.coauthor.service.endpoint.CommentTest.&lt;init&gt;(CommentTest.java:10)
</error>
  </testcase>
  <testcase time="0" classname="com.nwm.coauthor.service.endpoint.CommentTest" name="notPublishedYet">
    <error message="Could not initialize class com.nwm.coauthor.service.client.StoryClient" type="java.lang.NoClassDefFoundError">java.lang.NoClassDefFoundError: Could not initialize class com.nwm.coauthor.service.client.StoryClient
	at com.nwm.coauthor.service.endpoint.BaseTest.&lt;init&gt;(BaseTest.java:7)
	at com.nwm.coauthor.service.endpoint.CommentTest.&lt;init&gt;(CommentTest.java:10)
</error>
  </testcase>
  <testcase time="0" classname="com.nwm.coauthor.service.endpoint.CommentTest" name="largerThanCharactersComment">
    <error message="Could not initialize class com.nwm.coauthor.service.client.StoryClient" type="java.lang.NoClassDefFoundError">java.lang.NoClassDefFoundError: Could not initialize class com.nwm.coauthor.service.client.StoryClient
	at com.nwm.coauthor.service.endpoint.BaseTest.&lt;init&gt;(BaseTest.java:7)
	at com.nwm.coauthor.service.endpoint.CommentTest.&lt;init&gt;(CommentTest.java:10)
</error>
  </testcase>
  <testcase time="0" classname="com.nwm.coauthor.service.endpoint.CommentTest" name="nullComment">
    <error message="Could not initialize class com.nwm.coauthor.service.client.StoryClient" type="java.lang.NoClassDefFoundError">java.lang.NoClassDefFoundError: Could not initialize class com.nwm.coauthor.service.client.StoryClient
	at com.nwm.coauthor.service.endpoint.BaseTest.&lt;init&gt;(BaseTest.java:7)
	at com.nwm.coauthor.service.endpoint.CommentTest.&lt;init&gt;(CommentTest.java:10)
</error>
  </testcase>
</testsuite>